[INFO]: 2023-06-17 13:23:30 - start clearing old sessions
[INFO]: 2023-06-17 13:23:30 - clearing old sessions...
[INFO]: 2023-06-17 13:38:24 - start clearing old sessions
[INFO]: 2023-06-17 13:38:24 - clearing old sessions...
[INFO]: 2023-06-17 13:40:18 - start clearing old sessions
[INFO]: 2023-06-17 13:40:18 - clearing old sessions...
[INFO]: 2023-06-17 13:40:47 - start clearing old sessions
[INFO]: 2023-06-17 13:40:47 - clearing old sessions...
[INFO]: 2023-06-17 20:25:18 - start clearing old sessions
[INFO]: 2023-06-17 20:25:18 - clearing old sessions...
[INFO]: 2023-06-17 20:25:54 - start clearing old sessions
[INFO]: 2023-06-17 20:25:54 - clearing old sessions...
[INFO]: 2023-06-17 20:27:16 - start clearing old sessions
[INFO]: 2023-06-17 20:27:16 - clearing old sessions...
[INFO]: 2023-06-17 20:29:57 - start clearing old sessions
[INFO]: 2023-06-17 20:29:57 - clearing old sessions...
[INFO]: 2023-06-17 20:32:15 - start clearing old sessions
[INFO]: 2023-06-17 20:32:15 - clearing old sessions...
[INFO]: 2023-06-17 20:33:47 - start clearing old sessions
[INFO]: 2023-06-17 20:33:47 - clearing old sessions...
[INFO]: 2023-06-17 20:35:28 - start clearing old sessions
[INFO]: 2023-06-17 20:35:28 - clearing old sessions...
[INFO]: 2023-06-17 20:38:28 - start clearing old sessions
[INFO]: 2023-06-17 20:38:28 - clearing old sessions...
[INFO]: 2023-06-17 20:41:01 - start clearing old sessions
[INFO]: 2023-06-17 20:41:01 - clearing old sessions...
[INFO]: 2023-06-17 20:42:44 - start clearing old sessions
[INFO]: 2023-06-17 20:42:44 - clearing old sessions...
[INFO]: 2023-06-17 20:43:41 - start clearing old sessions
[INFO]: 2023-06-17 20:43:41 - clearing old sessions...
[INFO]: 2023-06-17 20:47:13 - start clearing old sessions
[INFO]: 2023-06-17 20:47:13 - clearing old sessions...
[INFO]: 2023-06-17 20:48:07 - start clearing old sessions
[INFO]: 2023-06-17 20:48:07 - clearing old sessions...
[INFO]: 2023-06-17 20:48:57 - start clearing old sessions
[INFO]: 2023-06-17 20:48:57 - clearing old sessions...
[INFO]: 2023-06-17 20:52:09 - start clearing old sessions
[INFO]: 2023-06-17 20:52:09 - clearing old sessions...
[INFO]: 2023-06-18 10:01:39 - start clearing old sessions
[INFO]: 2023-06-18 10:01:39 - clearing old sessions...
[INFO]: 2023-06-18 10:20:32 - start clearing old sessions
[INFO]: 2023-06-18 10:20:32 - clearing old sessions...
[INFO]: 2023-06-18 10:21:49 - start clearing old sessions
[INFO]: 2023-06-18 10:21:49 - clearing old sessions...
[INFO]: 2023-06-18 10:24:33 - start clearing old sessions
[INFO]: 2023-06-18 10:24:33 - clearing old sessions...
[INFO]: 2023-06-18 10:25:43 - start clearing old sessions
[INFO]: 2023-06-18 10:25:43 - clearing old sessions...
[INFO]: 2023-06-18 10:28:53 - start clearing old sessions
[INFO]: 2023-06-18 10:28:53 - clearing old sessions...
[INFO]: 2023-06-18 10:28:55 - Request: 7b816cb3-9639-40f3-a541-69ba2b24df23 | Method: /auth.Auth/Validate | parameters: {accessToken:"***"}
[INFO]: 2023-06-18 10:28:55 - Request UUID: 7b816cb3-9639-40f3-a541-69ba2b24df23 | Method: validate | Error: token is invalid
[INFO]: 2023-06-18 10:29:51 - start clearing old sessions
[INFO]: 2023-06-18 10:29:51 - clearing old sessions...
[INFO]: 2023-06-18 10:32:40 - start clearing old sessions
[INFO]: 2023-06-18 10:32:40 - clearing old sessions...
[INFO]: 2023-06-18 10:36:13 - start clearing old sessions
[INFO]: 2023-06-18 10:36:13 - clearing old sessions...
[INFO]: 2023-06-18 10:36:15 - Request: ee52f297-982e-4535-be12-b29b0bb4eb6e | Method: /auth.Auth/Login | parameters: {email:"string" password:"***"}
[INFO]: 2023-06-18 10:36:15 - Request UUID: ee52f297-982e-4535-be12-b29b0bb4eb6e | Method: login | Error: fingerprint must be correct uuid
